<?xml version="1.0" encoding="UTF-8"?>
<testng-results ignored="0" total="3" passed="3" failed="0" skipped="0">
  <reporter-output>
  </reporter-output>
  <suite started-at="2023-09-18T10:32:50 PDT" name="Suite" finished-at="2023-09-18T10:33:12 PDT" duration-ms="22625">
    <groups>
    </groups>
    <test started-at="2023-09-18T10:32:50 PDT" name="Test" finished-at="2023-09-18T10:33:12 PDT" duration-ms="22625">
      <class name="GoogleTest">
        <test-method signature="HomePageCheck()[pri:0, instance:GoogleTest@3a7442c7]" started-at="2023-09-18T10:32:50 PDT" name="HomePageCheck" finished-at="2023-09-18T10:33:12 PDT" duration-ms="22459" status="PASS">
          <reporter-output>
          </reporter-output>
        </test-method> <!-- HomePageCheck -->
        <test-method is-config="true" signature="tearDown()[pri:0, instance:GoogleTest@3a7442c7]" started-at="2023-09-18T10:33:12 PDT" name="tearDown" finished-at="2023-09-18T10:33:12 PDT" duration-ms="93" status="PASS">
          <reporter-output>
          </reporter-output>
        </test-method> <!-- tearDown -->
      </class> <!-- GoogleTest -->
      <class name="FirefoxTest">
        <test-method signature="HomePageCheck()[pri:0, instance:FirefoxTest@2e385cce]" started-at="2023-09-18T10:32:50 PDT" name="HomePageCheck" finished-at="2023-09-18T10:32:55 PDT" duration-ms="5660" status="PASS">
          <reporter-output>
          </reporter-output>
        </test-method> <!-- HomePageCheck -->
        <test-method is-config="true" signature="tearDown()[pri:0, instance:FirefoxTest@2e385cce]" started-at="2023-09-18T10:32:55 PDT" name="tearDown" finished-at="2023-09-18T10:32:56 PDT" duration-ms="563" status="PASS">
          <reporter-output>
          </reporter-output>
        </test-method> <!-- tearDown -->
      </class> <!-- FirefoxTest -->
      <class name="SafariTest">
        <test-method signature="HomePageCheck()[pri:0, instance:SafariTest@4be29ed9]" started-at="2023-09-18T10:32:50 PDT" name="HomePageCheck" finished-at="2023-09-18T10:32:54 PDT" duration-ms="3980" status="PASS">
          <reporter-output>
          </reporter-output>
        </test-method> <!-- HomePageCheck -->
        <test-method is-config="true" signature="tearDown()[pri:0, instance:SafariTest@4be29ed9]" started-at="2023-09-18T10:32:54 PDT" name="tearDown" finished-at="2023-09-18T10:32:54 PDT" duration-ms="301" status="PASS">
          <reporter-output>
          </reporter-output>
        </test-method> <!-- tearDown -->
      </class> <!-- SafariTest -->
    </test> <!-- Test -->
  </suite> <!-- Suite -->
</testng-results>
