<?xml version="1.0" encoding="UTF-8"?>
<testng-results ignored="2" total="4" passed="2" failed="0" skipped="0">
  <reporter-output>
  </reporter-output>
  <suite started-at="2023-03-16T23:21:37 PDT" name="Salesforce" finished-at="2023-03-16T23:21:37 PDT" duration-ms="54">
    <groups>
      <group name="smoke">
        <method signature="FirstClass.test1(java.lang.String,java.lang.String)[pri:0, instance:com.day2.groups.FirstClass@4d0f2471]" name="test1" class="com.day2.groups.FirstClass"/>
        <method signature="SecondClass.test1()[pri:0, instance:com.day2.groups.SecondClass@5d0a1059]" name="test1" class="com.day2.groups.SecondClass"/>
      </group> <!-- smoke -->
    </groups>
    <test started-at="2023-03-16T23:21:37 PDT" name="Login" finished-at="2023-03-16T23:21:37 PDT" duration-ms="54">
      <class name="com.day2.groups.FirstClass">
        <test-method is-config="true" signature="beforeMethod(java.lang.String,java.lang.String)[pri:0, instance:com.day2.groups.FirstClass@4d0f2471]" started-at="2023-03-16T23:21:37 PDT" name="beforeMethod" finished-at="2023-03-16T23:21:37 PDT" duration-ms="1" status="PASS">
          <params>
            <param index="0">
              <value>
                <![CDATA[deepika@mh.com]]>
              </value>
            </param>
            <param index="1">
              <value>
                <![CDATA[password@123]]>
              </value>
            </param>
          </params>
          <reporter-output>
          </reporter-output>
        </test-method> <!-- beforeMethod -->
        <test-method signature="test1(java.lang.String,java.lang.String)[pri:0, instance:com.day2.groups.FirstClass@4d0f2471]" started-at="2023-03-16T23:21:37 PDT" name="test1" finished-at="2023-03-16T23:21:37 PDT" duration-ms="6" status="PASS">
          <params>
            <param index="0">
              <value>
                <![CDATA[deepika@mh.com]]>
              </value>
            </param>
            <param index="1">
              <value>
                <![CDATA[password@123]]>
              </value>
            </param>
          </params>
          <reporter-output>
          </reporter-output>
        </test-method> <!-- test1 -->
      </class> <!-- com.day2.groups.FirstClass -->
      <class name="com.day2.groups.SecondClass">
        <test-method is-config="true" signature="beforeSuite()[pri:0, instance:com.day2.groups.SecondClass@5d0a1059]" started-at="2023-03-16T23:21:37 PDT" name="beforeSuite" finished-at="2023-03-16T23:21:37 PDT" duration-ms="5" status="PASS">
          <reporter-output>
          </reporter-output>
        </test-method> <!-- beforeSuite -->
        <test-method is-config="true" signature="beforeMethod(java.lang.String,java.lang.String)[pri:0, instance:com.day2.groups.SecondClass@5d0a1059]" started-at="2023-03-16T23:21:37 PDT" name="beforeMethod" finished-at="2023-03-16T23:21:37 PDT" duration-ms="1" status="PASS">
          <params>
            <param index="0">
              <value>
                <![CDATA[deepika@mh.com]]>
              </value>
            </param>
            <param index="1">
              <value>
                <![CDATA[password@123]]>
              </value>
            </param>
          </params>
          <reporter-output>
          </reporter-output>
        </test-method> <!-- beforeMethod -->
        <test-method signature="test1()[pri:0, instance:com.day2.groups.SecondClass@5d0a1059]" started-at="2023-03-16T23:21:37 PDT" name="test1" finished-at="2023-03-16T23:21:37 PDT" duration-ms="2" status="PASS">
          <reporter-output>
          </reporter-output>
        </test-method> <!-- test1 -->
      </class> <!-- com.day2.groups.SecondClass -->
    </test> <!-- Login -->
  </suite> <!-- Salesforce -->
</testng-results>
