<?xml version="1.0" encoding="UTF-8"?>
<testng-results ignored="0" total="0" passed="0" failed="0" skipped="0">
  <reporter-output>
  </reporter-output>
  <suite started-at="2023-04-03T12:11:36 PDT" name="Surefire suite" finished-at="2023-04-03T12:11:45 PDT" duration-ms="8929">
    <groups>
    </groups>
    <test started-at="2023-04-03T12:11:36 PDT" name="Surefire test" finished-at="2023-04-03T12:11:45 PDT" duration-ms="8929">
    </test> <!-- Surefire test -->
  </suite> <!-- Surefire suite -->
</testng-results>
