<?xml version="1.0" encoding="UTF-8"?>
<!-- Generated by org.testng.reporters.JUnitXMLReporter -->
<testsuite ignored="2" hostname="Deepikas-MBP.attlocal.net" failures="0" tests="2" name="Login" time="0.054" errors="0" timestamp="2023-03-16T23:21:37 PDT">
  <testcase classname="com.day2.groups.FirstClass" name="test1" time="0.006"/>
  <testcase classname="com.day2.groups.SecondClass" name="test1" time="0.002"/>
  <testcase classname="com.day2.groups.SecondClass" name="test2" time="0.0">
    <ignored/>
  </testcase> <!-- test2 -->
  <testcase classname="com.day2.groups.FirstClass" name="test2" time="0.0">
    <ignored/>
  </testcase> <!-- test2 -->
</testsuite> <!-- Login -->
