<?xml version="1.0" encoding="UTF-8"?>
<!-- Generated by org.testng.reporters.JUnitXMLReporter -->
<testsuite ignored="0" hostname="deepikas-mbp.lan" failures="0" tests="4" name="Login" time="5.962" errors="0" timestamp="2023-03-31T21:54:52 PDT">
  <testcase classname="com.training.testcases.LoginTest" name="@BeforeMethod beforeMethod" time="3.823">
    <failure type="java.io.FileNotFoundException" message="/Users/rahade/eclipse-workspace/TestNGFramework/Properties/application.properties (No such file or directory)">
      <![CDATA[java.io.FileNotFoundException: /Users/rahade/eclipse-workspace/TestNGFramework/Properties/application.properties (No such file or directory)
at java.base/java.io.FileInputStream.open0(Native Method)
at java.base/java.io.FileInputStream.open(FileInputStream.java:216)
at java.base/java.io.FileInputStream.<init>(FileInputStream.java:157)
at java.base/java.io.FileInputStream.<init>(FileInputStream.java:111)
at com.training.utilities.CommonUtilities.getProperty(CommonUtilities.java:16)
at com.training.base.BaseTest.getUrl(BaseTest.java:37)
at com.training.testcases.LoginTest.beforeMethod(LoginTest.java:40)
at java.base/java.util.ArrayList.forEach(ArrayList.java:1511)
... Removed 31 stack frames]]>
    </failure>
  </testcase> <!-- @BeforeMethod beforeMethod -->
  <testcase classname="com.training.testcases.LoginTest" name="@AfterMethod teardown" time="0.0">
    <skipped/>
  </testcase> <!-- @AfterMethod teardown -->
  <testcase classname="com.training.testcases.HomeTest" name="@BeforeMethod beforeMethod" time="2.029">
    <failure type="java.io.FileNotFoundException" message="/Users/rahade/eclipse-workspace/TestNGFramework/Properties/application.properties (No such file or directory)">
      <![CDATA[java.io.FileNotFoundException: /Users/rahade/eclipse-workspace/TestNGFramework/Properties/application.properties (No such file or directory)
at java.base/java.io.FileInputStream.open0(Native Method)
at java.base/java.io.FileInputStream.open(FileInputStream.java:216)
at java.base/java.io.FileInputStream.<init>(FileInputStream.java:157)
at java.base/java.io.FileInputStream.<init>(FileInputStream.java:111)
at com.training.utilities.CommonUtilities.getProperty(CommonUtilities.java:16)
at com.training.base.BaseTest.getUrl(BaseTest.java:37)
at com.training.testcases.HomeTest.beforeMethod(HomeTest.java:31)
at java.base/java.util.ArrayList.forEach(ArrayList.java:1511)
... Removed 31 stack frames]]>
    </failure>
  </testcase> <!-- @BeforeMethod beforeMethod -->
  <testcase classname="com.training.testcases.HomeTest" name="@BeforeMethod beforeMethod" time="0.0">
    <skipped/>
  </testcase> <!-- @BeforeMethod beforeMethod -->
  <testcase classname="com.training.testcases.HomeTest" name="@BeforeMethod beforeMethod" time="0.0">
    <skipped/>
  </testcase> <!-- @BeforeMethod beforeMethod -->
  <testcase classname="com.training.testcases.LoginTest" name="login" time="0.0">
    <skipped/>
  </testcase> <!-- login -->
  <testcase classname="com.training.testcases.HomeTest" name="enterfathername" time="0.0">
    <skipped/>
  </testcase> <!-- enterfathername -->
  <testcase classname="com.training.testcases.HomeTest" name="enterfirstname" time="0.0">
    <skipped/>
  </testcase> <!-- enterfirstname -->
  <testcase classname="com.training.testcases.HomeTest" name="enterpostaladdress" time="0.0">
    <skipped/>
  </testcase> <!-- enterpostaladdress -->
</testsuite> <!-- Login -->
