<?xml version="1.0" encoding="UTF-8"?>
<testng-results ignored="0" total="2" passed="2" failed="0" skipped="0">
  <reporter-output>
  </reporter-output>
  <suite started-at="2023-03-29T12:59:10 PDT" name="Salesforce (0)" finished-at="2023-03-29T12:59:15 PDT" duration-ms="5124">
    <groups>
    </groups>
    <test started-at="2023-03-29T12:59:10 PDT" name="Login" finished-at="2023-03-29T12:59:15 PDT" duration-ms="5124">
      <class name="com.training.testcases.LoginTest">
        <test-method is-config="true" signature="beforeMethod(java.lang.String)[pri:0, instance:com.training.testcases.LoginTest@48aca48b]" started-at="2023-03-29T12:59:10 PDT" name="beforeMethod" finished-at="2023-03-29T12:59:13 PDT" duration-ms="3467" status="PASS">
          <params>
            <param index="0">
              <value>
                <![CDATA[firefox]]>
              </value>
            </param>
          </params>
          <reporter-output>
          </reporter-output>
        </test-method> <!-- beforeMethod -->
        <test-method signature="login()[pri:0, instance:com.training.testcases.LoginTest@48aca48b]" started-at="2023-03-29T12:59:13 PDT" name="login" finished-at="2023-03-29T12:59:14 PDT" duration-ms="1087" status="PASS">
          <reporter-output>
          </reporter-output>
        </test-method> <!-- login -->
        <test-method is-config="true" signature="teardown()[pri:0, instance:com.training.testcases.LoginTest@48aca48b]" started-at="2023-03-29T12:59:14 PDT" name="teardown" finished-at="2023-03-29T12:59:15 PDT" duration-ms="566" status="PASS">
          <reporter-output>
          </reporter-output>
        </test-method> <!-- teardown -->
      </class> <!-- com.training.testcases.LoginTest -->
    </test> <!-- Login -->
  </suite> <!-- Salesforce (0) -->
  <suite started-at="2023-03-29T12:59:02 PDT" name="Salesforce" finished-at="2023-03-29T12:59:09 PDT" duration-ms="7130">
    <groups>
    </groups>
    <test started-at="2023-03-29T12:59:02 PDT" name="Login" finished-at="2023-03-29T12:59:09 PDT" duration-ms="7130">
      <class name="com.training.testcases.LoginTest">
        <test-method is-config="true" signature="beforeMethod(java.lang.String)[pri:0, instance:com.training.testcases.LoginTest@56cdfb3b]" started-at="2023-03-29T12:59:02 PDT" name="beforeMethod" finished-at="2023-03-29T12:59:07 PDT" duration-ms="5165" status="PASS">
          <params>
            <param index="0">
              <value>
                <![CDATA[firefox]]>
              </value>
            </param>
          </params>
          <reporter-output>
          </reporter-output>
        </test-method> <!-- beforeMethod -->
        <test-method signature="login()[pri:0, instance:com.training.testcases.LoginTest@56cdfb3b]" started-at="2023-03-29T12:59:07 PDT" name="login" finished-at="2023-03-29T12:59:09 PDT" duration-ms="1261" status="PASS">
          <reporter-output>
          </reporter-output>
        </test-method> <!-- login -->
        <test-method is-config="true" signature="teardown()[pri:0, instance:com.training.testcases.LoginTest@56cdfb3b]" started-at="2023-03-29T12:59:09 PDT" name="teardown" finished-at="2023-03-29T12:59:09 PDT" duration-ms="642" status="PASS">
          <reporter-output>
          </reporter-output>
        </test-method> <!-- teardown -->
      </class> <!-- com.training.testcases.LoginTest -->
    </test> <!-- Login -->
  </suite> <!-- Salesforce -->
</testng-results>
