<?xml version="1.0" encoding="UTF-8"?>
<!-- Generated by org.testng.reporters.JUnitXMLReporter -->
<testsuite ignored="2" hostname="Deepikas-MBP.attlocal.net" failures="0" tests="1" name="CarLoan" time="0.02" errors="0" timestamp="2023-03-16T00:13:58 PDT">
  <testcase classname="com.day2.group.CarLoan" name="APILogin" time="0.009"/>
  <testcase classname="com.day2.group.CarLoan" name="WebLogin" time="0.0">
    <ignored/>
  </testcase> <!-- WebLogin -->
  <testcase classname="com.day2.group.CarLoan" name="MobileLogin" time="0.0">
    <ignored/>
  </testcase> <!-- MobileLogin -->
</testsuite> <!-- CarLoan -->
