<?xml version="1.0" encoding="UTF-8"?>
<!-- Generated by org.testng.reporters.JUnitXMLReporter -->
<testsuite ignored="3" hostname="Deepikas-MBP.attlocal.net" failures="0" tests="2" name="Homeloan" time="0.014" errors="0" timestamp="2023-03-16T00:13:58 PDT">
  <testcase classname="com.day2.group.HomeLoan" name="MobileLogin" time="0.001"/>
  <testcase classname="com.day2.group.HomeLoan" name="test1" time="0.002"/>
  <testcase classname="com.day2.group.HomeLoan" name="APILogin" time="0.0">
    <ignored/>
  </testcase> <!-- APILogin -->
  <testcase classname="com.day2.group.HomeLoan" name="WebLogin" time="0.0">
    <ignored/>
  </testcase> <!-- WebLogin -->
  <testcase classname="com.day2.group.HomeLoan" name="test2" time="0.0">
    <ignored/>
  </testcase> <!-- test2 -->
</testsuite> <!-- Homeloan -->
