<?xml version="1.0" encoding="UTF-8"?>
<!-- Generated by org.testng.reporters.JUnitXMLReporter -->
<testsuite ignored="0" hostname="Deepikas-MBP.attlocal.net" failures="0" tests="3" name="Group A" time="0.215" errors="0" timestamp="2023-03-16T00:36:43 PDT">
  <testcase classname="com.day2.group.MultipleGroupName" name="test1" time="0.046"/>
  <testcase classname="com.day2.group.MultipleGroupName" name="test2" time="0.005"/>
  <testcase classname="com.day2.group.MultipleGroupName" name="test3" time="0.008"/>
</testsuite> <!-- Group A -->
