<?xml version="1.0" encoding="UTF-8"?>
<testsuite xmlns:xsi="http://www.w3.org/2001/XMLSchema-instance" xsi:noNamespaceSchemaLocation="https://maven.apache.org/surefire/maven-surefire-plugin/xsd/surefire-test-report-3.0.xsd" version="3.0" name="TestSuite" time="21.574" tests="4" errors="0" skipped="0" failures="0">
  <properties>
[...]
</properties>
  <testcase name="login" classname="com.training.testcases.LoginTest" time="1.291">
    <system-out><![CDATA[*** Test Suite Login started ***
*** Running test method login...
Directory already exists: /Users/rahade/eclipse-workspace/TestNGFramework/ExtentReport
2023-03-27 11:26:46 INFO  Log:31 - I'm logging in with my email
2023-03-27 11:26:47 INFO  Log:31 - Clicked on Login
2023-03-27 11:26:48 INFO  Log:17 - ****************           -S-T-A-R-T-test1       ****************
*** Executed login test successfully...
]]></system-out>
    <system-err><![CDATA[SLF4J: No SLF4J providers were found.
SLF4J: Defaulting to no-operation (NOP) logger implementation
SLF4J: See https://www.slf4j.org/codes.html#noProviders for further details.
1679941602611	geckodriver	INFO	Listening on 127.0.0.1:27796
1679941602836	mozrunner::runner	INFO	Running command: "/Applications/Firefox.app/Contents/MacOS/firefox-bin" "--marionette" "-foreground" "-no-remote" "-profile" "/var/folders/9m/0j83878557zc4mwpxjbf4vdc0000gn/T/rust_mozprofileWu37Gf"
console.warn: services.settings: Ignoring preference override of remote settings server
console.warn: services.settings: Allow by setting MOZ_REMOTE_SETTINGS_DEVTOOLS=1 in the environment
1679941603561	Marionette	INFO	Marionette enabled
1679941603825	Marionette	INFO	Listening on port 51666
Read port: 51666
1679941604014	RemoteAgent	WARN	TLS certificate errors will be ignored for this session
console.warn: SearchSettings: "get: No settings file exists, new profile?" (new NotFoundError("Could not open the file at /var/folders/9m/0j83878557zc4mwpxjbf4vdc0000gn/T/rust_mozprofileWu37Gf/search.json.mozlz4", (void 0)))
Mar 27, 2023 11:26:45 AM org.openqa.selenium.remote.ProtocolHandshake createSession
INFO: Detected dialect: W3C
console.warn: LoginRecipes: "Falling back to a synchronous message for: https://selenium-prd.firebaseapp.com."
]]></system-err>
  </testcase>
  <testcase name="enterfathername" classname="com.training.testcases.HomeTest" time="1.121">
    <system-out><![CDATA[*** Running test method enterfathername...
*** Executed enterfathername test successfully...
]]></system-out>
    <system-err><![CDATA[1679941608327	Marionette	INFO	Stopped listening on port 51666
WARNING: A blocker encountered an error while we were waiting.
          Blocker:  Waiting for ping task
          Phase: TelemetryController: Waiting for pending ping activity
          State: (none)
WARNING: Error: Phase "profile-before-change" is finished, it is too late to register completion condition "OS.File: flush I/O queued before profileBeforeChange"
WARNING: addBlocker@resource://gre/modules/AsyncShutdown.sys.mjs:727:15
addBlocker@resource://gre/modules/AsyncShutdown.sys.mjs:523:26
addBlocker@resource://gre/modules/AsyncShutdown.sys.mjs:458:15
setupShutdown@resource://gre/modules/osfile/osfile_async_front.jsm:1548:28
@resource://gre/modules/osfile/osfile_async_front.jsm:1568:16
@resource://gre/modules/osfile.jsm:12:30
@resource://gre/modules/TelemetryStorage.sys.mjs:10:28
_checkPendingPings@resource://gre/modules/TelemetrySend.sys.mjs:863:17
setup@resource://gre/modules/TelemetrySend.sys.mjs:803:18
setup@resource://gre/modules/TelemetrySend.sys.mjs:241:30
setupTelemetry/this._delayedInitTask<@resource://gre/modules/TelemetryControllerParent.sys.mjs:828:36
observe@resource://gre/modules/AsyncShutdown.sys.mjs:576:16

console.error: "TelemetryScheduler.shutdown - Already shut down"
WARNING: A blocker encountered an error while we were waiting.
          Blocker:  Waiting for ping task
          Phase: TelemetryController: Waiting for pending ping activity
          State: (none)
WARNING: Error: Phase "profile-before-change" is finished, it is too late to register completion condition "OS.File: flush I/O queued before profileBeforeChange"
WARNING: addBlocker@resource://gre/modules/AsyncShutdown.sys.mjs:727:15
addBlocker@resource://gre/modules/AsyncShutdown.sys.mjs:523:26
addBlocker@resource://gre/modules/AsyncShutdown.sys.mjs:458:15
setupShutdown@resource://gre/modules/osfile/osfile_async_front.jsm:1548:28
@resource://gre/modules/osfile/osfile_async_front.jsm:1568:16
@resource://gre/modules/osfile.jsm:12:30
@resource://gre/modules/TelemetryStorage.sys.mjs:10:28
_checkPendingPings@resource://gre/modules/TelemetrySend.sys.mjs:863:17
setup@resource://gre/modules/TelemetrySend.sys.mjs:803:18
setup@resource://gre/modules/TelemetrySend.sys.mjs:241:30
setupTelemetry/this._delayedInitTask<@resource://gre/modules/TelemetryControllerParent.sys.mjs:828:36
observe@resource://gre/modules/AsyncShutdown.sys.mjs:576:16

WARNING: A blocker encountered an error while we were waiting.
          Blocker:  Waiting for ping task
          Phase: TelemetryController: Waiting for pending ping activity
          State: (none)
WARNING: Error: Phase "profile-before-change" is finished, it is too late to register completion condition "OS.File: flush I/O queued before profileBeforeChange"
WARNING: addBlocker@resource://gre/modules/AsyncShutdown.sys.mjs:727:15
addBlocker@resource://gre/modules/AsyncShutdown.sys.mjs:523:26
addBlocker@resource://gre/modules/AsyncShutdown.sys.mjs:458:15
setupShutdown@resource://gre/modules/osfile/osfile_async_front.jsm:1548:28
@resource://gre/modules/osfile/osfile_async_front.jsm:1568:16
@resource://gre/modules/osfile.jsm:12:30
@resource://gre/modules/TelemetryStorage.sys.mjs:10:28
_checkPendingPings@resource://gre/modules/TelemetrySend.sys.mjs:863:17
setup@resource://gre/modules/TelemetrySend.sys.mjs:803:18
setup@resource://gre/modules/TelemetrySend.sys.mjs:241:30
setupTelemetry/this._delayedInitTask<@resource://gre/modules/TelemetryControllerParent.sys.mjs:828:36
observe@resource://gre/modules/AsyncShutdown.sys.mjs:576:16

WARNING: A blocker encountered an error while we were waiting.
          Blocker:  TelemetryController: shutting down
          Phase: profile-before-change-telemetry
          State: Error getting state: Error: Phase "profile-before-change" is finished, it is too late to register completion condition "OS.File: flush I/O queued before profileBeforeChange" at addBlocker@resource://gre/modules/AsyncShutdown.sys.mjs:727:15
addBlocker@resource://gre/modules/AsyncShutdown.sys.mjs:523:26
addBlocker@resource://gre/modules/AsyncShutdown.sys.mjs:458:15
setupShutdown@resource://gre/modules/osfile/osfile_async_front.jsm:1548:28
@resource://gre/modules/osfile/osfile_async_front.jsm:1568:16
@resource://gre/modules/osfile.jsm:12:30
@resource://gre/modules/TelemetryStorage.sys.mjs:10:28
_checkPendingPings@resource://gre/modules/TelemetrySend.sys.mjs:863:17
setup@resource://gre/modules/TelemetrySend.sys.mjs:803:18
setup@resource://gre/modules/TelemetrySend.sys.mjs:241:30
setupTelemetry/this._delayedInitTask<@resource://gre/modules/TelemetryControllerParent.sys.mjs:828:36
observe@resource://gre/modules/AsyncShutdown.sys.mjs:576:16

WARNING: Error: Phase "profile-before-change" is finished, it is too late to register completion condition "OS.File: flush I/O queued before profileBeforeChange"
WARNING: addBlocker@resource://gre/modules/AsyncShutdown.sys.mjs:727:15
addBlocker@resource://gre/modules/AsyncShutdown.sys.mjs:523:26
addBlocker@resourJce://gre/modules/AsyncSahvuatdoSwn.sys.mjs:458:15
setupShutdocwn@rersiourcpet: /e/rgrroer/:m ordeusloeusr/coes:f//girlee//moosdfuillees_/aAssyynnccShutdown.sys.m_js, lifne r727: Erroorn:t.jsm :Pha1se5 4"8:28
@resource://gre/modules/osfile/osfipler_oafsiylnec-_bferfoonrte.-jcshma:n1g5e6"8 :i1s6 
f@irneissohuerdc,e :i/t/ is too late to register completion condition "OS.File: flush I/Og qre/umeoudeudl ebs/eosffoirle.jsm:12:30
@resoeur cper:o/f/iglre/modules/TelemetryStorage.sys.mjs:10:28
_checkPendingPings@resource://gre/modules/TeelemetrBySeend.fsyos.rmjs:863:17
seetuCph@raensgoeu"
Javrcea:/S/gcrrei/pmto deurlreso/rT:e lermeestroyuSrceen:d.s/y/sg.rmej/sm:o8d0u3l:e1s8/
AsseytnucpS@hruetsdouorwn.csey:s/./mgjrse,/ mloidne 727: Error: Phase "pruofile-before-change" is finished, it is too late to register colmpleteiso/nT ecloenmdeittriyoSne n"dO.Ss.yFisl.em: jfsl:u2sh4 1I:/3O0 
qsueetuupeTde lbeemfeotrrey /ptrhoifsi.l_edBeelfaoyreedCIhnaintge"
JavTaSacrsikp<t@ reersroourr: resoucrec:e/://g/rger/em/omdouldeusl/eTse/lAesmyentcrSyhCuotndtowrnol.sys.mjs, line 727: Error: Phasel e"rpPraorfeinlte.-sbyesf.omrjes-:cha8n28:36g
obes"er vei@sre sofurice:n/i/shed, igt is trooe /lmaotdeu letos /rAesgyinsctSehru tcdoomwpn.lseytsi.omnj cso:n5d76:1i6t
i
on "OS.File: flush I/O queued before profileBeforeChange"
JavaScript error: resource://gre/modules/AsyncShutdown.sys.mjs, line 727: Error: Phase "profile-before-change" is finished, it is too late to register completion condition "OS.File: flush I/O queued before profileBeforeChange"
JavaScript error: resource://gre/modules/AsyncShutdown.sys.mjs, line 727: Error: Phase "profile-before-change" is finished, it is too late to register completion condition "OS.File: flush I/O queued before profileBeforeChange"
JavaScript error: resource://gre/modules/AsyncShutdown.sys.mjs, line 727: Error: Phase "profile-before-change" is finished, it is too late to register completion condition "OS.File: flush I/O queued before profileBeforeChange"
1679941608787	geckodriver	INFO	Listening on 127.0.0.1:25776
1679941608819	mozrunner::runner	INFO	Running command: "/Applications/Firefox.app/Contents/MacOS/firefox-bin" "--marionette" "-foreground" "-no-remote" "-profile" "/var/folders/9m/0j83878557zc4mwpxjbf4vdc0000gn/T/rust_mozprofilescLARR"
console.warn: services.settings: Ignoring preference override of remote settings server
console.warn: services.settings: Allow by setting MOZ_REMOTE_SETTINGS_DEVTOOLS=1 in the environment
1679941609312	Marionette	INFO	Marionette enabled
1679941609516	Marionette	INFO	Listening on port 51804
Read port: 51804
1679941609630	RemoteAgent	WARN	TLS certificate errors will be ignored for this session
console.warn: SearchSettings: "get: No settings file exists, new profile?" (new NotFoundError("Could not open the file at /var/folders/9m/0j83878557zc4mwpxjbf4vdc0000gn/T/rust_mozprofilescLARR/search.json.mozlz4", (void 0)))
Mar 27, 2023 11:26:50 AM org.openqa.selenium.remote.ProtocolHandshake createSession
INFO: Detected dialect: W3C
console.warn: LoginRecipes: "Falling back to a synchronous message for: https://selenium-prd.firebaseapp.com."
]]></system-err>
  </testcase>
  <testcase name="enterfirstname" classname="com.training.testcases.HomeTest" time="1.113">
    <system-out><![CDATA[*** Running test method enterfirstname...
*** Executed enterfirstname test successfully...
]]></system-out>
    <system-err><![CDATA[1679941613025	geckodriver	INFO	Listening on 127.0.0.1:22628
1679941613046	mozrunner::runner	INFO	Running command: "/Applications/Firefox.app/Contents/MacOS/firefox-bin" "--marionette" "-foreground" "-no-remote" "-profile" "/var/folders/9m/0j83878557zc4mwpxjbf4vdc0000gn/T/rust_mozprofileA4kCuh"
console.warn: services.settings: Ignoring preference override of remote settings server
console.warn: services.settings: Allow by setting MOZ_REMOTE_SETTINGS_DEVTOOLS=1 in the environment
1679941613580	Marionette	INFO	Marionette enabled
1679941613689	Marionette	INFO	Listening on port 51955
Read port: 51955
1679941613874	RemoteAgent	WARN	TLS certificate errors will be ignored for this session
console.warn: SearchSettings: "get: No settings file exists, new profile?" (new NotFoundError("Could not open the file at /var/folders/9m/0j83878557zc4mwpxjbf4vdc0000gn/T/rust_mozprofileA4kCuh/search.json.mozlz4", (void 0)))
Mar 27, 2023 11:26:55 AM org.openqa.selenium.remote.ProtocolHandshake createSession
INFO: Detected dialect: W3C
console.warn: LoginRecipes: "Falling back to a synchronous message for: https://selenium-prd.firebaseapp.com."
]]></system-err>
  </testcase>
  <testcase name="enterpostaladdress" classname="com.training.testcases.HomeTest" time="1.202">
    <system-out><![CDATA[*** Running test method enterpostaladdress...
*** Executed enterpostaladdress test successfully...
]]></system-out>
    <system-err><![CDATA[1679941617215	geckodriver	INFO	Listening on 127.0.0.1:10728
1679941617230	mozrunner::runner	INFO	Running command: "/Applications/Firefox.app/Contents/MacOS/firefox-bin" "--marionette" "-foreground" "-no-remote" "-profile" "/var/folders/9m/0j83878557zc4mwpxjbf4vdc0000gn/T/rust_mozprofileWJRJWo"
console.warn: services.settings: Ignoring preference override of remote settings server
console.warn: services.settings: Allow by setting MOZ_REMOTE_SETTINGS_DEVTOOLS=1 in the environment
1679941617802	Marionette	INFO	Marionette enabled
1679941617957	Marionette	INFO	Listening on port 52068
Read port: 52068
1679941618155	RemoteAgent	WARN	TLS certificate errors will be ignored for this session
console.warn: SearchSettings: "get: No settings file exists, new profile?" (new NotFoundError("Could not open the file at /var/folders/9m/0j83878557zc4mwpxjbf4vdc0000gn/T/rust_mozprofileWJRJWo/search.json.mozlz4", (void 0)))
Mar 27, 2023 11:26:59 AM org.openqa.selenium.remote.ProtocolHandshake createSession
INFO: Detected dialect: W3C
console.warn: LoginRecipes: "Falling back to a synchronous message for: https://selenium-prd.firebaseapp.com."
]]></system-err>
  </testcase>
</testsuite>