<?xml version="1.0" encoding="UTF-8"?>
<testng-results ignored="0" total="4" passed="4" failed="0" skipped="0">
  <reporter-output>
  </reporter-output>
  <suite started-at="2023-03-27T11:26:41 PDT" name="Salesforce" finished-at="2023-03-27T11:27:01 PDT" duration-ms="20559">
    <groups>
    </groups>
    <test started-at="2023-03-27T11:26:41 PDT" name="Login" finished-at="2023-03-27T11:27:01 PDT" duration-ms="20559">
      <class name="com.training.testcases.HomeTest">
        <test-method is-config="true" signature="beforeMethod()[pri:0, instance:com.training.testcases.HomeTest@6d3a388c]" started-at="2023-03-27T11:26:48 PDT" name="beforeMethod" finished-at="2023-03-27T11:26:51 PDT" duration-ms="3086" status="PASS">
          <reporter-output>
          </reporter-output>
        </test-method> <!-- beforeMethod -->
        <test-method signature="enterfathername()[pri:0, instance:com.training.testcases.HomeTest@6d3a388c]" started-at="2023-03-27T11:26:51 PDT" name="enterfathername" finished-at="2023-03-27T11:26:52 PDT" duration-ms="1124" status="PASS">
          <reporter-output>
          </reporter-output>
        </test-method> <!-- enterfathername -->
        <test-method is-config="true" signature="beforeMethod()[pri:0, instance:com.training.testcases.HomeTest@6d3a388c]" started-at="2023-03-27T11:26:52 PDT" name="beforeMethod" finished-at="2023-03-27T11:26:56 PDT" duration-ms="3098" status="PASS">
          <reporter-output>
          </reporter-output>
        </test-method> <!-- beforeMethod -->
        <test-method signature="enterfirstname()[pri:0, instance:com.training.testcases.HomeTest@6d3a388c]" started-at="2023-03-27T11:26:56 PDT" name="enterfirstname" finished-at="2023-03-27T11:26:57 PDT" duration-ms="1115" status="PASS">
          <reporter-output>
          </reporter-output>
        </test-method> <!-- enterfirstname -->
        <test-method is-config="true" signature="beforeMethod()[pri:0, instance:com.training.testcases.HomeTest@6d3a388c]" started-at="2023-03-27T11:26:57 PDT" name="beforeMethod" finished-at="2023-03-27T11:27:00 PDT" duration-ms="3237" status="PASS">
          <reporter-output>
          </reporter-output>
        </test-method> <!-- beforeMethod -->
        <test-method signature="enterpostaladdress()[pri:0, instance:com.training.testcases.HomeTest@6d3a388c]" started-at="2023-03-27T11:27:00 PDT" name="enterpostaladdress" finished-at="2023-03-27T11:27:01 PDT" duration-ms="1203" status="PASS">
          <reporter-output>
          </reporter-output>
        </test-method> <!-- enterpostaladdress -->
      </class> <!-- com.training.testcases.HomeTest -->
      <class name="com.training.testcases.LoginTest">
        <test-method is-config="true" signature="beforeMethod()[pri:0, instance:com.training.testcases.LoginTest@747edf66]" started-at="2023-03-27T11:26:41 PDT" name="beforeMethod" finished-at="2023-03-27T11:26:46 PDT" duration-ms="5762" status="PASS">
          <reporter-output>
          </reporter-output>
        </test-method> <!-- beforeMethod -->
        <test-method signature="login()[pri:0, instance:com.training.testcases.LoginTest@747edf66]" started-at="2023-03-27T11:26:46 PDT" name="login" finished-at="2023-03-27T11:26:48 PDT" duration-ms="1273" status="PASS">
          <reporter-output>
          </reporter-output>
        </test-method> <!-- login -->
        <test-method is-config="true" signature="teardown()[pri:0, instance:com.training.testcases.LoginTest@747edf66]" started-at="2023-03-27T11:26:48 PDT" name="teardown" finished-at="2023-03-27T11:26:48 PDT" duration-ms="606" status="PASS">
          <reporter-output>
          </reporter-output>
        </test-method> <!-- teardown -->
      </class> <!-- com.training.testcases.LoginTest -->
    </test> <!-- Login -->
  </suite> <!-- Salesforce -->
</testng-results>
