<?xml version="1.0" encoding="UTF-8"?>
<!-- Generated by org.testng.reporters.JUnitXMLReporter -->
<testsuite ignored="1" hostname="Deepikas-MBP.attlocal.net" failures="0" tests="2" name="Group A" time="0.157" errors="0" timestamp="2023-03-16T00:30:03 PDT">
  <testcase classname="com.day2.group.MultipleGroupName" name="test2" time="0.037"/>
  <testcase classname="com.day2.group.MultipleGroupName" name="test3" time="0.006"/>
  <testcase classname="com.day2.group.MultipleGroupName" name="test1" time="0.0">
    <ignored/>
  </testcase> <!-- test1 -->
</testsuite> <!-- Group A -->
