<?xml version="1.0" encoding="UTF-8"?>
<!-- Generated by org.testng.reporters.JUnitXMLReporter -->
<testsuite ignored="1" hostname="Deepikas-MBP.attlocal.net" failures="0" tests="2" name="Multiple Group Names" time="0.045" errors="0" timestamp="2023-03-16T00:26:46 PDT">
  <testcase classname="com.day2.group.MultipleGroupName" name="test2" time="0.011"/>
  <testcase classname="com.day2.group.MultipleGroupName" name="test3" time="0.001"/>
  <testcase classname="com.day2.group.MultipleGroupName" name="test1" time="0.0">
    <ignored/>
  </testcase> <!-- test1 -->
</testsuite> <!-- Multiple Group Names -->
