<?xml version="1.0" encoding="UTF-8"?>
<!-- Generated by org.testng.reporters.JUnitXMLReporter -->
<testsuite ignored="0" hostname="Deepikas-MBP.attlocal.net" failures="0" tests="4" name="Login" time="20.559" errors="0" timestamp="2023-03-27T11:27:02 PDT">
  <testcase classname="com.training.testcases.LoginTest" name="login" time="1.273"/>
  <testcase classname="com.training.testcases.HomeTest" name="enterfathername" time="1.124"/>
  <testcase classname="com.training.testcases.HomeTest" name="enterfirstname" time="1.115"/>
  <testcase classname="com.training.testcases.HomeTest" name="enterpostaladdress" time="1.203"/>
</testsuite> <!-- Login -->
