<?xml version="1.0" encoding="UTF-8"?>
<testng-results ignored="0" total="3" passed="3" failed="0" skipped="0">
  <reporter-output>
  </reporter-output>
  <suite started-at="2023-07-11T22:32:47 PDT" name="Suite" finished-at="2023-07-11T22:33:14 PDT" duration-ms="26961">
    <groups>
    </groups>
    <test started-at="2023-07-11T22:32:47 PDT" name="Test" finished-at="2023-07-11T22:33:14 PDT" duration-ms="26961">
      <class name="GoogleTest">
        <test-method signature="HomePageCheck()[pri:0, instance:GoogleTest@f78a47e]" started-at="2023-07-11T22:32:47 PDT" name="HomePageCheck" finished-at="2023-07-11T22:33:14 PDT" duration-ms="26905" status="PASS">
          <reporter-output>
          </reporter-output>
        </test-method> <!-- HomePageCheck -->
      </class> <!-- GoogleTest -->
      <class name="FirefoxTest">
        <test-method signature="HomePageCheck()[pri:0, instance:FirefoxTest@1e6a3214]" started-at="2023-07-11T22:32:47 PDT" name="HomePageCheck" finished-at="2023-07-11T22:32:52 PDT" duration-ms="5165" status="PASS">
          <reporter-output>
          </reporter-output>
        </test-method> <!-- HomePageCheck -->
      </class> <!-- FirefoxTest -->
      <class name="SafariTest">
        <test-method signature="HomePageCheck()[pri:0, instance:SafariTest@644baf4a]" started-at="2023-07-11T22:32:47 PDT" name="HomePageCheck" finished-at="2023-07-11T22:32:51 PDT" duration-ms="3855" status="PASS">
          <reporter-output>
          </reporter-output>
        </test-method> <!-- HomePageCheck -->
      </class> <!-- SafariTest -->
    </test> <!-- Test -->
  </suite> <!-- Suite -->
</testng-results>
