<?xml version="1.0" encoding="UTF-8"?>
<!-- Generated by org.testng.reporters.JUnitXMLReporter -->
<testsuite ignored="0" hostname="Deepikas-MBP.attlocal.net" failures="0" tests="1" name="Command line test" time="0.044" errors="0" timestamp="2023-03-13T23:47:46 PDT">
  <testcase classname="Day1.LoginTest" name="@BeforeMethod userName" time="0.007">
    <failure type="java.lang.NullPointerException" message="Cannot invoke &amp;quot;org.openqa.selenium.WebDriver.findElement(org.openqa.selenium.By)&amp;quot; because &amp;quot;Day1.LoginTest.driver&amp;quot; is null">
      <![CDATA[java.lang.NullPointerException: Cannot invoke "org.openqa.selenium.WebDriver.findElement(org.openqa.selenium.By)" because "Day1.LoginTest.driver" is null
at Day1.LoginTest.userName(LoginTest.java:26)
at java.base/java.util.ArrayList.forEach(ArrayList.java:1511)
... Removed 40 stack frames]]>
    </failure>
  </testcase> <!-- @BeforeMethod userName -->
  <testcase classname="Day1.LoginTest" name="Login" time="0.0">
    <skipped/>
  </testcase> <!-- Login -->
</testsuite> <!-- Command line test -->
