<?xml version="1.0" encoding="UTF-8"?>
<testsuite xmlns:xsi="http://www.w3.org/2001/XMLSchema-instance" xsi:noNamespaceSchemaLocation="https://maven.apache.org/surefire/maven-surefire-plugin/xsd/surefire-test-report-3.0.xsd" version="3.0" name="TestSuite" time="988.814" tests="1" errors="0" skipped="0" failures="0">
  <properties>
[...]
</properties>
  <testcase name="login" classname="com.training.testcases.LoginTest" time="0.871">
    <system-out><![CDATA[*** Test Suite Login started ***
browser:chrome
*** Running test method login...
Directory already exists: /Users/rahade/eclipse-newworkspace2/TestNGFramework_Jenkins/ExtentReport
2023-03-30 01:36:38 INFO  Log:31 - I'm logging in with my email
2023-03-30 01:36:39 INFO  Log:31 - Clicked on Login
2023-03-30 01:36:39 INFO  Log:17 - ****************           -S-T-A-R-T-test1       ****************
*** Executed login test successfully...
]]></system-out>
    <system-err><![CDATA[SLF4J: No SLF4J providers were found.
SLF4J: Defaulting to no-operation (NOP) logger implementation
SLF4J: See https://www.slf4j.org/codes.html#noProviders for further details.
Starting ChromeDriver 111.0.5563.64 (c710e93d5b63b7095afe8c2c17df34408078439d-refs/branch-heads/5563@{#995}) on port 44094
Only local connections are allowed.
Please see https://chromedriver.chromium.org/security-considerations for suggestions on keeping ChromeDriver safe.
ChromeDriver was started successfully.
Mar 30, 2023 1:36:38 AM org.openqa.selenium.remote.ProtocolHandshake createSession
INFO: Detected dialect: W3C
]]></system-err>
  </testcase>
</testsuite>